<?xml version="1.0" encoding="UTF-8"?>
<testsuite xmlns:xsi="http://www.w3.org/2001/XMLSchema-instance" xsi:noNamespaceSchemaLocation="https://maven.apache.org/surefire/maven-surefire-plugin/xsd/surefire-test-report-3.0.xsd" version="3.0" name="com.astra.astralogs.AstraLogsApplicationTests" time="4.93" tests="1" errors="0" skipped="0" failures="0">
  <properties>
[...]
</properties>
  <testcase name="contextLoads" classname="com.astra.astralogs.AstraLogsApplicationTests" time="1.518">
    <system-out><![CDATA[08:01:04.350 [main] INFO org.springframework.test.context.support.AnnotationConfigContextLoaderUtils -- Could not detect default configuration classes for test class [com.astra.astralogs.AstraLogsApplicationTests]: AstraLogsApplicationTests does not declare any static, non-private, non-final, nested classes annotated with @Configuration.
08:01:04.522 [main] INFO org.springframework.boot.test.context.SpringBootTestContextBootstrapper -- Found @SpringBootConfiguration com.astra.astralogs.AstraLogsApplication for test class com.astra.astralogs.AstraLogsApplicationTests
08:01:04.786 [main] INFO org.springframework.boot.devtools.restart.RestartApplicationListener -- Restart disabled due to context in which it is running

  .   ____          _            __ _ _
 /\\ / ___'_ __ _ _(_)_ __  __ _ \ \ \ \
( ( )\___ | '_ | '_| | '_ \/ _` | \ \ \ \
 \\/  ___)| |_)| | | | | || (_| |  ) ) ) )
  '  |____| .__|_| |_|_| |_\__, | / / / /
 =========|_|==============|___/=/_/_/_/
 :: Spring Boot ::                (v3.1.5)

2023-11-09T08:01:05.167-04:00  INFO 14692 --- [           main] c.a.astralogs.AstraLogsApplicationTests  : Starting AstraLogsApplicationTests using Java 17.0.8.1 with PID 14692 (started by guigo in C:\Users\guigo\workspace\astra-template-java)
2023-11-09T08:01:05.170-04:00  INFO 14692 --- [           main] c.a.astralogs.AstraLogsApplicationTests  : No active profile set, falling back to 1 default profile: "default"
2023-11-09T08:01:07.424-04:00  INFO 14692 --- [           main] c.a.astralogs.AstraLogsApplicationTests  : Started AstraLogsApplicationTests in 2.657 seconds (process running for 4.586)
]]></system-out>
  </testcase>
</testsuite>